make all --print-data-base --no-builtin-variables --no-builtin-rules --question
# GNU Make 3.81
# Copyright (C) 2006  Free Software Foundation, Inc.
# This is free software; see the source for copying conditions.
# There is NO warranty; not even for MERCHANTABILITY or FITNESS FOR A
# PARTICULAR PURPOSE.

# This program built for i386-apple-darwin11.3.0
 
make Game
# GNU Make 3.81
# Copyright (C) 2006  Free Software Foundation, Inc.
# This is free software; see the source for copying conditions.
# There is NO warranty; not even for MERCHANTABILITY or FITNESS FOR A
# PARTICULAR PURPOSE.

# This program built for i386-apple-darwin11.3.0

# Make data base, printed on Thu Jul  7 21:50:26 2022

# Variables

# automatic
<D = $(patsubst %/,%,$(dir $<))
# automatic
?F = $(notdir $?)
# environment
VSCODE_LOG_NATIVE = false
# makefile (from `Makefile', line 63)
USE_WAYLAND_DISPLAY = FALSE
# automatic
?D = $(patsubst %/,%,$(dir $?))
# makefile (from `Makefile', line 28)
RAYLIB_VERSION = 4.0.0
# automatic
@D = $(patsubst %/,%,$(dir $@))
# automatic
@F = $(notdir $@)
# makefile (from `Makefile', line 333)
LDLIBS = -lraylib -framework OpenGL -framework Cocoa -framework IOKit -framework CoreAudio -framework CoreVideo 
# makefile
CURDIR := /Users/carson/Desktop/Programming/C Programming/Raylib-Bird
# makefile
SHELL = /bin/sh
# makefile (from `Makefile', line 174)
BIN = bin
# environment
VSCODE_NLS_CONFIG = {"locale":"en-us","availableLanguages":{},"_languagePackSupport":true}
# environment
_ = /usr/bin/make
# makefile (from `Makefile', line 202)
CFLAGS = -Wall -std=c++20 -D_DEFAULT_SOURCE -Wno-missing-braces -s -O1
# makefile (from `Makefile', line 1)
MAKEFILE_LIST :=  Makefile
# environment
VSCODE_VERBOSE_LOGGING = true
# makefile (from `Makefile', line 55)
BUILD_MODE = RELEASE
# makefile (from `Makefile', line 359)
PROJECT_SOURCE_FILES = src/main.cpp src/player.cpp src/rock.cpp
# environment
__CFBundleIdentifier = com.microsoft.VSCode
# environment
VSCODE_IPC_HOOK_EXTHOST = /var/folders/c0/wgrb0vfd45x3057mn6dwl6hh0000gn/T/vscode-ipc-c765283a-8ac7-48b1-bf2e-b8281ec3ba7e.sock
# environment
VSCODE_CWD = /
# environment
PATH = /Library/Frameworks/Python.framework/Versions/3.10/bin:/usr/local/bin:/usr/bin:/bin:/usr/sbin:/sbin
# makefile (from `Makefile', line 72)
UNAMEOS = $(shell uname)
# makefile (from `Makefile', line 30)
RAYLIB_PATH = ../..
# makefile (from `Makefile', line 29)
RAYLIB_API_VERSION = 4
# environment
VSCODE_LOG_STACK = false
# environment
ELECTRON_RUN_AS_NODE = 1
# makefile (from `Makefile', line 253)
INCLUDE_PATHS = -I. -I$(RAYLIB_PATH)/src -I$(RAYLIB_PATH)/src/external
# makefile (from `Makefile', line 275)
LDFLAGS = -L. -L$(RAYLIB_RELEASE_PATH) -L$(RAYLIB_PATH)/src
# default
.FEATURES := target-specific order-only second-expansion else-if archives jobserver check-symlink
# makefile (from `Makefile', line 59)
USE_EXTERNAL_GLFW = FALSE
# environment
SSH_AUTH_SOCK = /private/tmp/com.apple.launchd.4ttNYseJMf/Listeners
# automatic
%F = $(notdir $%)
# environment
VSCODE_PIPE_LOGGING = true
# makefile (from `Makefile', line 362)
OBJS = $(patsubst %.c, %.o, $(PROJECT_SOURCE_FILES))
# makefile (from `Makefile', line 89)
PLATFORM_OS = OSX
# environment
PWD = /Users/carson/Desktop/Programming/C Programming/Raylib-Bird
# environment
ORIGINAL_XDG_CURRENT_DESKTOP = undefined
# environment
VSCODE_AMD_ENTRYPOINT = vs/workbench/api/node/extensionHostProcess
# environment
HOME = /Users/carson
# default
MAKEFILEPATH = $(shell /usr/bin/xcode-select -print-path 2>/dev/null || echo /Developer)/Makefiles
# environment
VSCODE_CODE_CACHE_PATH = /Users/carson/Library/Application Support/Code/CachedData/30d9c6cd9483b2cc586687151bcbcd635f373630
# environment
LOGNAME = carson
# environment
APPLICATION_INSIGHTS_NO_DIAGNOSTIC_CHANNEL = 1
# makefile (from `Makefile', line 370)
MAKEFILE_PARAMS = $(PROJECT_NAME)
# environment
VSCODE_HANDLES_UNCAUGHT_ERRORS = true
# automatic
^D = $(patsubst %/,%,$(dir $^))
# environment
XPC_FLAGS = 0x0
# makefile (from `Makefile', line 173)
MAKE = make
# default
MAKECMDGOALS := Game
# environment
SHLVL = 1
# makefile (from `Makefile', line 151)
CC = clang++
# makefile (from `Makefile', line 49)
RAYLIB_H_INSTALL_PATH = $(DESTDIR)/include
# default
MAKE_VERSION := 3.81
# environment
USER = carson
# makefile
.DEFAULT_GOAL := all
# makefile (from `Makefile', line 46)
DESTDIR = /usr/local
# automatic
%D = $(patsubst %/,%,$(dir $%))
# default
MAKE_COMMAND := /Library/Developer/CommandLineTools/usr/bin/make
# default
.VARIABLES := 
# environment
TMPDIR = /var/folders/c0/wgrb0vfd45x3057mn6dwl6hh0000gn/T/
# automatic
*F = $(notdir $*)
# environment
VSCODE_IPC_HOOK = /Users/carson/Library/Application Support/Code/1.68.1-main.sock
# makefile
MAKEFLAGS = Rrqp
# environment
MFLAGS = -Rrqp
# automatic
*D = $(patsubst %/,%,$(dir $*))
# environment
XPC_SERVICE_NAME = application.com.microsoft.VSCode.6775119.6775125
# automatic
+D = $(patsubst %/,%,$(dir $+))
# automatic
+F = $(notdir $+)
# makefile (from `Makefile', line 142)
EXAMPLE_RUNTIME_PATH = $(RAYLIB_RELEASE_PATH)
# environment
__CF_USER_TEXT_ENCODING = 0x1F5:0x0:0x0
# environment
COMMAND_MODE = unix2003
# makefile (from `Makefile', line 35)
PLATFORM = PLATFORM_DESKTOP
# default
MAKEFILES := 
# automatic
<F = $(notdir $<)
# makefile (from `Makefile', line 128)
RAYLIB_RELEASE_PATH = $(RAYLIB_PATH)/src
# makefile (from `Makefile', line 27)
PROJECT_NAME = Game
# makefile (from `Makefile', line 47)
RAYLIB_INSTALL_PATH = $(DESTDIR)/lib
# environment
LC_ALL = C
# automatic
^F = $(notdir $^)
# default
SUFFIXES := 
# makefile (from `Makefile', line 52)
RAYLIB_LIBTYPE = STATIC
# default
.INCLUDE_DIRS = /usr/local/include
# environment
MAKELEVEL := 1
# environment
LANG = C
# environment
VSCODE_PID = 1851
# variable set hash-table stats:
# Load=87/1024=8%, Rehash=0, Collisions=8/199=4%

# Pattern-specific Variable Values

# No pattern-specific variable values.

# Directories

# . (device 16777222, inode 6777299): 9 files, no impossibilities.

# 9 files, no impossibilities in 1 directories.

# Implicit Rules

%.o: %.c
#  commands to execute (from `Makefile', line 385):
	$(CC) -c $< -o $@ $(CFLAGS) $(INCLUDE_PATHS) -D$(PLATFORM)
	

# 1 implicit rules, 0 (0.0%) terminal.

# Files

# Not a target:
src/rock.cpp:
#  Implicit rule search has been done.
#  Last modified 2022-07-06 21:11:07
#  File has been updated.
#  Successfully updated.
# variable set hash-table stats:
# Load=0/32=0%, Rehash=0, Collisions=0/0=0%

all:
#  Phony target (prerequisite of .PHONY).
#  Implicit rule search has not been done.
#  File does not exist.
#  File has not been updated.
#  commands to execute (from `Makefile', line 376):
	$(MAKE) $(MAKEFILE_PARAMS)
	

.PHONY: all clean
#  Implicit rule search has not been done.
#  Modification time never checked.
#  File has not been updated.

# Not a target:
.SUFFIXES:
#  Implicit rule search has not been done.
#  Modification time never checked.
#  File has not been updated.

# Not a target:
Makefile:
#  Implicit rule search has been done.
#  Last modified 2022-07-04 21:31:26
#  File has been updated.
#  Successfully updated.
# variable set hash-table stats:
# Load=0/32=0%, Rehash=0, Collisions=0/0=0%

# Not a target:
.DEFAULT:
#  Implicit rule search has not been done.
#  Modification time never checked.
#  File has not been updated.

Game: src/main.cpp src/player.cpp src/rock.cpp
#  Command-line target.
#  Implicit rule search has not been done.
#  Last modified 2022-07-07 15:46:55
#  File has been updated.
#  Successfully updated.
# variable set hash-table stats:
# Load=0/32=0%, Rehash=0, Collisions=0/0=0%
#  commands to execute (from `Makefile', line 380):
	$(CC) -o $(PROJECT_NAME)$(EXT) $(OBJS) $(CFLAGS) $(INCLUDE_PATHS) $(LDFLAGS) $(LDLIBS) -D$(PLATFORM)
	

clean:
#  Phony target (prerequisite of .PHONY).
#  Implicit rule search has not been done.
#  File does not exist.
#  File has not been updated.
#  commands to execute (from `Makefile', line 397):
	find . -type f -perm +ugo+x -delete
	rm -f *.o
	@echo Cleaning done
	

# Not a target:
src/main.cpp:
#  Implicit rule search has been done.
#  Last modified 2022-07-07 11:36:56
#  File has been updated.
#  Successfully updated.
# variable set hash-table stats:
# Load=0/32=0%, Rehash=0, Collisions=0/0=0%

# Not a target:
src/player.cpp:
#  Implicit rule search has been done.
#  Last modified 2022-07-07 11:32:45
#  File has been updated.
#  Successfully updated.
# variable set hash-table stats:
# Load=0/32=0%, Rehash=0, Collisions=0/0=0%

# files hash-table stats:
 
# Load=10/1024=1%, Rehash=0, Collisions=0/28=0%
# VPATH Search Paths

# No `vpath' search paths.

# No general (`VPATH' variable) search path.

# # of strings in strcache: 1
# # of strcache buffers: 1
# strcache size: total = 4096 / max = 4096 / min = 4096 / avg = 4096
# strcache free: total = 4087 / max = 4087 / min = 4087 / avg = 4087

# Finished Make data base on Thu Jul  7 21:50:26 2022


# Make data base, printed on Thu Jul  7 21:50:26 2022

# Variables

# automatic
<D = $(patsubst %/,%,$(dir $<))
# automatic
?F = $(notdir $?)
# environment
VSCODE_LOG_NATIVE = false
# makefile (from `Makefile', line 63)
USE_WAYLAND_DISPLAY = FALSE
# automatic
?D = $(patsubst %/,%,$(dir $?))
# makefile (from `Makefile', line 28)
RAYLIB_VERSION = 4.0.0
# automatic
@D = $(patsubst %/,%,$(dir $@))
# automatic
@F = $(notdir $@)
# makefile (from `Makefile', line 333)
LDLIBS = -lraylib -framework OpenGL -framework Cocoa -framework IOKit -framework CoreAudio -framework CoreVideo 
# makefile
CURDIR := /Users/carson/Desktop/Programming/C Programming/Raylib-Bird
# makefile
SHELL = /bin/sh
# makefile (from `Makefile', line 174)
BIN = bin
# environment
VSCODE_NLS_CONFIG = {"locale":"en-us","availableLanguages":{},"_languagePackSupport":true}
# environment
_ = /usr/bin/make
# makefile (from `Makefile', line 202)
CFLAGS = -Wall -std=c++20 -D_DEFAULT_SOURCE -Wno-missing-braces -s -O1
# makefile (from `Makefile', line 1)
MAKEFILE_LIST :=  Makefile
# environment
VSCODE_VERBOSE_LOGGING = true
# makefile (from `Makefile', line 55)
BUILD_MODE = RELEASE
# makefile (from `Makefile', line 359)
PROJECT_SOURCE_FILES = src/main.cpp src/player.cpp src/rock.cpp
# environment
__CFBundleIdentifier = com.microsoft.VSCode
# environment
VSCODE_IPC_HOOK_EXTHOST = /var/folders/c0/wgrb0vfd45x3057mn6dwl6hh0000gn/T/vscode-ipc-c765283a-8ac7-48b1-bf2e-b8281ec3ba7e.sock
# environment
VSCODE_CWD = /
# environment
PATH = /Library/Frameworks/Python.framework/Versions/3.10/bin:/usr/local/bin:/usr/bin:/bin:/usr/sbin:/sbin
# makefile (from `Makefile', line 72)
UNAMEOS = $(shell uname)
# makefile (from `Makefile', line 30)
RAYLIB_PATH = ../..
# makefile (from `Makefile', line 29)
RAYLIB_API_VERSION = 4
# environment
VSCODE_LOG_STACK = false
# environment
ELECTRON_RUN_AS_NODE = 1
# makefile (from `Makefile', line 253)
INCLUDE_PATHS = -I. -I$(RAYLIB_PATH)/src -I$(RAYLIB_PATH)/src/external
# makefile (from `Makefile', line 275)
LDFLAGS = -L. -L$(RAYLIB_RELEASE_PATH) -L$(RAYLIB_PATH)/src
# default
.FEATURES := target-specific order-only second-expansion else-if archives jobserver check-symlink
# makefile (from `Makefile', line 59)
USE_EXTERNAL_GLFW = FALSE
# environment
SSH_AUTH_SOCK = /private/tmp/com.apple.launchd.4ttNYseJMf/Listeners
# automatic
%F = $(notdir $%)
# environment
VSCODE_PIPE_LOGGING = true
# makefile (from `Makefile', line 362)
OBJS = $(patsubst %.c, %.o, $(PROJECT_SOURCE_FILES))
# makefile (from `Makefile', line 89)
PLATFORM_OS = OSX
# environment
PWD = /Users/carson/Desktop/Programming/C Programming/Raylib-Bird
# environment
ORIGINAL_XDG_CURRENT_DESKTOP = undefined
# environment
VSCODE_AMD_ENTRYPOINT = vs/workbench/api/node/extensionHostProcess
# environment
HOME = /Users/carson
# default
MAKEFILEPATH = $(shell /usr/bin/xcode-select -print-path 2>/dev/null || echo /Developer)/Makefiles
# environment
VSCODE_CODE_CACHE_PATH = /Users/carson/Library/Application Support/Code/CachedData/30d9c6cd9483b2cc586687151bcbcd635f373630
# environment
LOGNAME = carson
# environment
APPLICATION_INSIGHTS_NO_DIAGNOSTIC_CHANNEL = 1
# makefile (from `Makefile', line 370)
MAKEFILE_PARAMS = $(PROJECT_NAME)
# environment
VSCODE_HANDLES_UNCAUGHT_ERRORS = true
# automatic
^D = $(patsubst %/,%,$(dir $^))
# environment
XPC_FLAGS = 0x0
# makefile (from `Makefile', line 173)
MAKE = make
# default
MAKECMDGOALS := all
# environment
SHLVL = 1
# makefile (from `Makefile', line 151)
CC = clang++
# makefile (from `Makefile', line 49)
RAYLIB_H_INSTALL_PATH = $(DESTDIR)/include
# default
MAKE_VERSION := 3.81
# environment
USER = carson
# makefile
.DEFAULT_GOAL := all
# makefile (from `Makefile', line 46)
DESTDIR = /usr/local
# automatic
%D = $(patsubst %/,%,$(dir $%))
# default
MAKE_COMMAND := /Library/Developer/CommandLineTools/usr/bin/make
# default
.VARIABLES := 
# environment
TMPDIR = /var/folders/c0/wgrb0vfd45x3057mn6dwl6hh0000gn/T/
# automatic
*F = $(notdir $*)
# environment
VSCODE_IPC_HOOK = /Users/carson/Library/Application Support/Code/1.68.1-main.sock
# makefile
MAKEFLAGS = Rrqp
# environment
MFLAGS = -Rrqp
# automatic
*D = $(patsubst %/,%,$(dir $*))
# environment
XPC_SERVICE_NAME = application.com.microsoft.VSCode.6775119.6775125
# automatic
+D = $(patsubst %/,%,$(dir $+))
# automatic
+F = $(notdir $+)
# makefile (from `Makefile', line 142)
EXAMPLE_RUNTIME_PATH = $(RAYLIB_RELEASE_PATH)
# environment
__CF_USER_TEXT_ENCODING = 0x1F5:0x0:0x0
# environment
COMMAND_MODE = unix2003
# makefile (from `Makefile', line 35)
PLATFORM = PLATFORM_DESKTOP
# default
MAKEFILES := 
# automatic
<F = $(notdir $<)
# makefile (from `Makefile', line 128)
RAYLIB_RELEASE_PATH = $(RAYLIB_PATH)/src
# makefile (from `Makefile', line 27)
PROJECT_NAME = Game
# makefile (from `Makefile', line 47)
RAYLIB_INSTALL_PATH = $(DESTDIR)/lib
# environment
LC_ALL = C
# automatic
^F = $(notdir $^)
# default
SUFFIXES := 
# makefile (from `Makefile', line 52)
RAYLIB_LIBTYPE = STATIC
# default
.INCLUDE_DIRS = /usr/local/include
# environment
MAKELEVEL := 0
# environment
LANG = C
# environment
VSCODE_PID = 1851
# variable set hash-table stats:
# Load=87/1024=8%, Rehash=0, Collisions=8/201=4%

# Pattern-specific Variable Values

# No pattern-specific variable values.

# Directories

# . (device 16777222, inode 6777299): 9 files, no impossibilities.

# 9 files, no impossibilities in 1 directories.

# Implicit Rules

%.o: %.c
#  commands to execute (from `Makefile', line 385):
	$(CC) -c $< -o $@ $(CFLAGS) $(INCLUDE_PATHS) -D$(PLATFORM)
	

# 1 implicit rules, 0 (0.0%) terminal.

# Files

# Not a target:
src/rock.cpp:
#  Implicit rule search has not been done.
#  Modification time never checked.
#  File has not been updated.

all:
#  Phony target (prerequisite of .PHONY).
#  Command-line target.
#  Implicit rule search has not been done.
#  Implicit/static pattern stem: `'
#  File does not exist.
#  File has been updated.
#  Successfully updated.
# automatic
# @ := all
# automatic
# % := 
# automatic
# * := 
# automatic
# + := 
# automatic
# | := 
# automatic
# < := 
# automatic
# ^ := 
# automatic
# ? := 
# variable set hash-table stats:
# Load=8/32=25%, Rehash=0, Collisions=4/13=31%
#  commands to execute (from `Makefile', line 376):
	$(MAKE) $(MAKEFILE_PARAMS)
	

.PHONY: all clean
#  Implicit rule search has not been done.
#  Modification time never checked.
#  File has not been updated.

# Not a target:
.SUFFIXES:
#  Implicit rule search has not been done.
#  Modification time never checked.
#  File has not been updated.

# Not a target:
Makefile:
#  Implicit rule search has been done.
#  Last modified 2022-07-04 21:31:26
#  File has been updated.
#  Successfully updated.
# variable set hash-table stats:
# Load=0/32=0%, Rehash=0, Collisions=0/0=0%

# Not a target:
.DEFAULT:
#  Implicit rule search has not been done.
#  Modification time never checked.
#  File has not been updated.

Game: src/main.cpp src/player.cpp src/rock.cpp
#  Implicit rule search has not been done.
#  Modification time never checked.
#  File has not been updated.
#  commands to execute (from `Makefile', line 380):
	$(CC) -o $(PROJECT_NAME)$(EXT) $(OBJS) $(CFLAGS) $(INCLUDE_PATHS) $(LDFLAGS) $(LDLIBS) -D$(PLATFORM)
	

clean:
#  Phony target (prerequisite of .PHONY).
#  Implicit rule search has not been done.
#  File does not exist.
#  File has not been updated.
#  commands to execute (from `Makefile', line 397):
	find . -type f -perm +ugo+x -delete
	rm -f *.o
	@echo Cleaning done
	

# Not a target:
src/main.cpp:
#  Implicit rule search has not been done.
#  Modification time never checked.
#  File has not been updated.

# Not a target:
src/player.cpp:
#  Implicit rule search has not been done.
#  Modification time never checked.
#  File has not been updated.

 
# files hash-table stats:
# Load=10/1024=1%, Rehash=0, Collisions=0/29=0%
# VPATH Search Paths

# No `vpath' search paths.

# No general (`VPATH' variable) search path.

# # of strings in strcache: 1
# # of strcache buffers: 1
# strcache size: total = 4096 / max = 4096 / min = 4096 / avg = 4096
# strcache free: total = 4087 / max = 4087 / min = 4087 / avg = 4087

# Finished Make data base on Thu Jul  7 21:50:26 2022

 
